Traceback (most recent call last):
  File "/Users/thijsvandermeer/Library/CloudStorage/OneDrive-UvA/IK/Jaar2/Complexity/project/protest-sicr/venv/lib/python3.9/site-packages/jupyter_core/utils/__init__.py", line 154, in wrapped
    asyncio.get_running_loop()
RuntimeError: no running event loop

During handling of the above exception, another exception occurred:

Traceback (most recent call last):
  File "/Users/thijsvandermeer/Library/CloudStorage/OneDrive-UvA/IK/Jaar2/Complexity/project/protest-sicr/venv/lib/python3.9/site-packages/jupyter_cache/executors/utils.py", line 58, in single_nb_execution
    executenb(
  File "/Users/thijsvandermeer/Library/CloudStorage/OneDrive-UvA/IK/Jaar2/Complexity/project/protest-sicr/venv/lib/python3.9/site-packages/nbclient/client.py", line 1305, in execute
    return NotebookClient(nb=nb, resources=resources, km=km, **kwargs).execute()
  File "/Users/thijsvandermeer/Library/CloudStorage/OneDrive-UvA/IK/Jaar2/Complexity/project/protest-sicr/venv/lib/python3.9/site-packages/jupyter_core/utils/__init__.py", line 158, in wrapped
    return loop.run_until_complete(inner)
  File "/Library/Developer/CommandLineTools/Library/Frameworks/Python3.framework/Versions/3.9/lib/python3.9/asyncio/base_events.py", line 642, in run_until_complete
    return future.result()
  File "/Users/thijsvandermeer/Library/CloudStorage/OneDrive-UvA/IK/Jaar2/Complexity/project/protest-sicr/venv/lib/python3.9/site-packages/nbclient/client.py", line 705, in async_execute
    await self.async_execute_cell(
  File "/Users/thijsvandermeer/Library/CloudStorage/OneDrive-UvA/IK/Jaar2/Complexity/project/protest-sicr/venv/lib/python3.9/site-packages/nbclient/client.py", line 1001, in async_execute_cell
    exec_reply = await self.task_poll_for_reply
  File "/Users/thijsvandermeer/Library/CloudStorage/OneDrive-UvA/IK/Jaar2/Complexity/project/protest-sicr/venv/lib/python3.9/site-packages/nbclient/client.py", line 802, in _async_poll_for_reply
    error_on_timeout_execute_reply = await self._async_handle_timeout(timeout, cell)
  File "/Users/thijsvandermeer/Library/CloudStorage/OneDrive-UvA/IK/Jaar2/Complexity/project/protest-sicr/venv/lib/python3.9/site-packages/nbclient/client.py", line 852, in _async_handle_timeout
    raise CellTimeoutError.error_from_timeout_and_cell(
nbclient.exceptions.CellTimeoutError: A cell timed out while it was being executed, after 30 seconds.
The message was: Cell execution timed out.
Here is a preview of the cell contents:
-------------------
['# Fitting with Progress Bar', 'def loss(params, t_obs, N_obs, S0, protest_days):', '    full_params = list(params)', '    full_params.insert(5, 0.010) # fixed gamma', '    full_params.insert(7, 4.0)   # fixed n']
...
['    return full_params', '', 'print("Starting calibrations...")', 'params_fr = fit_model("France", t_fr, N_fr, 4000000, t_fr)', 'params_ir = fit_model("Iran", t_ir, N_ir, 6000000, t_ir)']
-------------------

